+ env SYNAPSE_ID=XXXXX SYNAPSE_INSTANCES=01 SYNAPSE_COMPUTE_GFLOPS=6000 SYNAPSE_MEMORY_GBYTES=2000 SYNAPSE_STORAGE_GBYTES=1000 python /N/u/merzky/synapse/test.py
+ env SYNAPSE_ID=SYN1.1 SYNAPSE_INSTANCES=01 SYNAPSE_COMPUTE_GFLOPS=8000 SYNAPSE_MEMORY_GBYTES=1000 SYNAPSE_STORAGE_GBYTES=0072 python /N/u/merzky/synapse/test.py
+ env SYNAPSE_ID=WS.C.01 SYNAPSE_INSTANCES=01 SYNAPSE_COMPUTE_GFLOPS=6000 SYNAPSE_MEMORY_GBYTES=0000 SYNAPSE_STORAGE_GBYTES=0000 python /N/u/merzky/synapse/test.py
+ env SYNAPSE_ID=WS.C.02 SYNAPSE_INSTANCES=02 SYNAPSE_COMPUTE_GFLOPS=6000 SYNAPSE_MEMORY_GBYTES=0000 SYNAPSE_STORAGE_GBYTES=0000 python /N/u/merzky/synapse/test.py
+ env SYNAPSE_ID=WS.C.03 SYNAPSE_INSTANCES=03 SYNAPSE_COMPUTE_GFLOPS=6000 SYNAPSE_MEMORY_GBYTES=0000 SYNAPSE_STORAGE_GBYTES=0000 python /N/u/merzky/synapse/test.py
+ env SYNAPSE_ID=WS.C.04 SYNAPSE_INSTANCES=04 SYNAPSE_COMPUTE_GFLOPS=6000 SYNAPSE_MEMORY_GBYTES=0000 SYNAPSE_STORAGE_GBYTES=0000 python /N/u/merzky/synapse/test.py
+ env SYNAPSE_ID=WS.C.05 SYNAPSE_INSTANCES=05 SYNAPSE_COMPUTE_GFLOPS=6000 SYNAPSE_MEMORY_GBYTES=0000 SYNAPSE_STORAGE_GBYTES=0000 python /N/u/merzky/synapse/test.py
+ env SYNAPSE_ID=WS.C.06 SYNAPSE_INSTANCES=06 SYNAPSE_COMPUTE_GFLOPS=6000 SYNAPSE_MEMORY_GBYTES=0000 SYNAPSE_STORAGE_GBYTES=0000 python /N/u/merzky/synapse/test.py
+ env SYNAPSE_ID=WS.C.07 SYNAPSE_INSTANCES=07 SYNAPSE_COMPUTE_GFLOPS=6000 SYNAPSE_MEMORY_GBYTES=0000 SYNAPSE_STORAGE_GBYTES=0000 python /N/u/merzky/synapse/test.py
+ env SYNAPSE_ID=WS.C.08 SYNAPSE_INSTANCES=08 SYNAPSE_COMPUTE_GFLOPS=6000 SYNAPSE_MEMORY_GBYTES=0000 SYNAPSE_STORAGE_GBYTES=0000 python /N/u/merzky/synapse/test.py
+ env SYNAPSE_ID=WS.C.09 SYNAPSE_INSTANCES=09 SYNAPSE_COMPUTE_GFLOPS=6000 SYNAPSE_MEMORY_GBYTES=0000 SYNAPSE_STORAGE_GBYTES=0000 python /N/u/merzky/synapse/test.py
+ env SYNAPSE_ID=WS.C.10 SYNAPSE_INSTANCES=10 SYNAPSE_COMPUTE_GFLOPS=6000 SYNAPSE_MEMORY_GBYTES=0000 SYNAPSE_STORAGE_GBYTES=0000 python /N/u/merzky/synapse/test.py
+ env SYNAPSE_ID=WS.C.11 SYNAPSE_INSTANCES=11 SYNAPSE_COMPUTE_GFLOPS=6000 SYNAPSE_MEMORY_GBYTES=0000 SYNAPSE_STORAGE_GBYTES=0000 python /N/u/merzky/synapse/test.py
+ env SYNAPSE_ID=WS.C.12 SYNAPSE_INSTANCES=12 SYNAPSE_COMPUTE_GFLOPS=6000 SYNAPSE_MEMORY_GBYTES=0000 SYNAPSE_STORAGE_GBYTES=0000 python /N/u/merzky/synapse/test.py
+ env SYNAPSE_ID=WS.C.13 SYNAPSE_INSTANCES=13 SYNAPSE_COMPUTE_GFLOPS=6000 SYNAPSE_MEMORY_GBYTES=0000 SYNAPSE_STORAGE_GBYTES=0000 python /N/u/merzky/synapse/test.py
+ env SYNAPSE_ID=WS.C.14 SYNAPSE_INSTANCES=14 SYNAPSE_COMPUTE_GFLOPS=6000 SYNAPSE_MEMORY_GBYTES=0000 SYNAPSE_STORAGE_GBYTES=0000 python /N/u/merzky/synapse/test.py
+ env SYNAPSE_ID=WS.C.15 SYNAPSE_INSTANCES=15 SYNAPSE_COMPUTE_GFLOPS=6000 SYNAPSE_MEMORY_GBYTES=0000 SYNAPSE_STORAGE_GBYTES=0000 python /N/u/merzky/synapse/test.py
+ env SYNAPSE_ID=WS.C.16 SYNAPSE_INSTANCES=16 SYNAPSE_COMPUTE_GFLOPS=6000 SYNAPSE_MEMORY_GBYTES=0000 SYNAPSE_STORAGE_GBYTES=0000 python /N/u/merzky/synapse/test.py
+ env SYNAPSE_ID=WS.C.17 SYNAPSE_INSTANCES=17 SYNAPSE_COMPUTE_GFLOPS=6000 SYNAPSE_MEMORY_GBYTES=0000 SYNAPSE_STORAGE_GBYTES=0000 python /N/u/merzky/synapse/test.py
+ env SYNAPSE_ID=WS.C.18 SYNAPSE_INSTANCES=18 SYNAPSE_COMPUTE_GFLOPS=6000 SYNAPSE_MEMORY_GBYTES=0000 SYNAPSE_STORAGE_GBYTES=0000 python /N/u/merzky/synapse/test.py
+ env SYNAPSE_ID=WS.C.19 SYNAPSE_INSTANCES=19 SYNAPSE_COMPUTE_GFLOPS=6000 SYNAPSE_MEMORY_GBYTES=0000 SYNAPSE_STORAGE_GBYTES=0000 python /N/u/merzky/synapse/test.py
+ env SYNAPSE_ID=WS.C.20 SYNAPSE_INSTANCES=20 SYNAPSE_COMPUTE_GFLOPS=6000 SYNAPSE_MEMORY_GBYTES=0000 SYNAPSE_STORAGE_GBYTES=0000 python /N/u/merzky/synapse/test.py
+ env SYNAPSE_ID=WS.C.21 SYNAPSE_INSTANCES=21 SYNAPSE_COMPUTE_GFLOPS=6000 SYNAPSE_MEMORY_GBYTES=0000 SYNAPSE_STORAGE_GBYTES=0000 python /N/u/merzky/synapse/test.py
+ env SYNAPSE_ID=WS.C.22 SYNAPSE_INSTANCES=22 SYNAPSE_COMPUTE_GFLOPS=6000 SYNAPSE_MEMORY_GBYTES=0000 SYNAPSE_STORAGE_GBYTES=0000 python /N/u/merzky/synapse/test.py
+ env SYNAPSE_ID=WS.C.23 SYNAPSE_INSTANCES=23 SYNAPSE_COMPUTE_GFLOPS=6000 SYNAPSE_MEMORY_GBYTES=0000 SYNAPSE_STORAGE_GBYTES=0000 python /N/u/merzky/synapse/test.py
+ env SYNAPSE_ID=WS.C.24 SYNAPSE_INSTANCES=24 SYNAPSE_COMPUTE_GFLOPS=6000 SYNAPSE_MEMORY_GBYTES=0000 SYNAPSE_STORAGE_GBYTES=0000 python /N/u/merzky/synapse/test.py
+ env SYNAPSE_ID=WS.C.25 SYNAPSE_INSTANCES=25 SYNAPSE_COMPUTE_GFLOPS=6000 SYNAPSE_MEMORY_GBYTES=0000 SYNAPSE_STORAGE_GBYTES=0000 python /N/u/merzky/synapse/test.py
+ env SYNAPSE_ID=WS.C.26 SYNAPSE_INSTANCES=26 SYNAPSE_COMPUTE_GFLOPS=6000 SYNAPSE_MEMORY_GBYTES=0000 SYNAPSE_STORAGE_GBYTES=0000 python /N/u/merzky/synapse/test.py
+ env SYNAPSE_ID=WS.C.27 SYNAPSE_INSTANCES=27 SYNAPSE_COMPUTE_GFLOPS=6000 SYNAPSE_MEMORY_GBYTES=0000 SYNAPSE_STORAGE_GBYTES=0000 python /N/u/merzky/synapse/test.py
+ env SYNAPSE_ID=WS.C.28 SYNAPSE_INSTANCES=28 SYNAPSE_COMPUTE_GFLOPS=6000 SYNAPSE_MEMORY_GBYTES=0000 SYNAPSE_STORAGE_GBYTES=0000 python /N/u/merzky/synapse/test.py
+ env SYNAPSE_ID=WS.C.29 SYNAPSE_INSTANCES=29 SYNAPSE_COMPUTE_GFLOPS=6000 SYNAPSE_MEMORY_GBYTES=0000 SYNAPSE_STORAGE_GBYTES=0000 python /N/u/merzky/synapse/test.py
+ env SYNAPSE_ID=WS.C.30 SYNAPSE_INSTANCES=30 SYNAPSE_COMPUTE_GFLOPS=6000 SYNAPSE_MEMORY_GBYTES=0000 SYNAPSE_STORAGE_GBYTES=0000 python /N/u/merzky/synapse/test.py
+ env SYNAPSE_ID=WS.C.31 SYNAPSE_INSTANCES=31 SYNAPSE_COMPUTE_GFLOPS=6000 SYNAPSE_MEMORY_GBYTES=0000 SYNAPSE_STORAGE_GBYTES=0000 python /N/u/merzky/synapse/test.py
+ env SYNAPSE_ID=WS.C.32 SYNAPSE_INSTANCES=32 SYNAPSE_COMPUTE_GFLOPS=6000 SYNAPSE_MEMORY_GBYTES=0000 SYNAPSE_STORAGE_GBYTES=0000 python /N/u/merzky/synapse/test.py
+ env SYNAPSE_ID=WS.C.33 SYNAPSE_INSTANCES=33 SYNAPSE_COMPUTE_GFLOPS=6000 SYNAPSE_MEMORY_GBYTES=0000 SYNAPSE_STORAGE_GBYTES=0000 python /N/u/merzky/synapse/test.py
+ env SYNAPSE_ID=WS.C.34 SYNAPSE_INSTANCES=34 SYNAPSE_COMPUTE_GFLOPS=6000 SYNAPSE_MEMORY_GBYTES=0000 SYNAPSE_STORAGE_GBYTES=0000 python /N/u/merzky/synapse/test.py
+ env SYNAPSE_ID=WS.C.35 SYNAPSE_INSTANCES=35 SYNAPSE_COMPUTE_GFLOPS=6000 SYNAPSE_MEMORY_GBYTES=0000 SYNAPSE_STORAGE_GBYTES=0000 python /N/u/merzky/synapse/test.py
+ env SYNAPSE_ID=WS.C.36 SYNAPSE_INSTANCES=36 SYNAPSE_COMPUTE_GFLOPS=6000 SYNAPSE_MEMORY_GBYTES=0000 SYNAPSE_STORAGE_GBYTES=0000 python /N/u/merzky/synapse/test.py
+ env SYNAPSE_ID=WS.C.37 SYNAPSE_INSTANCES=37 SYNAPSE_COMPUTE_GFLOPS=6000 SYNAPSE_MEMORY_GBYTES=0000 SYNAPSE_STORAGE_GBYTES=0000 python /N/u/merzky/synapse/test.py
+ env SYNAPSE_ID=WS.C.38 SYNAPSE_INSTANCES=38 SYNAPSE_COMPUTE_GFLOPS=6000 SYNAPSE_MEMORY_GBYTES=0000 SYNAPSE_STORAGE_GBYTES=0000 python /N/u/merzky/synapse/test.py
+ env SYNAPSE_ID=WS.C.39 SYNAPSE_INSTANCES=39 SYNAPSE_COMPUTE_GFLOPS=6000 SYNAPSE_MEMORY_GBYTES=0000 SYNAPSE_STORAGE_GBYTES=0000 python /N/u/merzky/synapse/test.py
+ env SYNAPSE_ID=WS.C.40 SYNAPSE_INSTANCES=40 SYNAPSE_COMPUTE_GFLOPS=6000 SYNAPSE_MEMORY_GBYTES=0000 SYNAPSE_STORAGE_GBYTES=0000 python /N/u/merzky/synapse/test.py
+ env SYNAPSE_ID=WS.C.41 SYNAPSE_INSTANCES=41 SYNAPSE_COMPUTE_GFLOPS=6000 SYNAPSE_MEMORY_GBYTES=0000 SYNAPSE_STORAGE_GBYTES=0000 python /N/u/merzky/synapse/test.py
+ env SYNAPSE_ID=WS.C.42 SYNAPSE_INSTANCES=42 SYNAPSE_COMPUTE_GFLOPS=6000 SYNAPSE_MEMORY_GBYTES=0000 SYNAPSE_STORAGE_GBYTES=0000 python /N/u/merzky/synapse/test.py
+ env SYNAPSE_ID=WS.C.43 SYNAPSE_INSTANCES=43 SYNAPSE_COMPUTE_GFLOPS=6000 SYNAPSE_MEMORY_GBYTES=0000 SYNAPSE_STORAGE_GBYTES=0000 python /N/u/merzky/synapse/test.py
+ env SYNAPSE_ID=WS.C.44 SYNAPSE_INSTANCES=44 SYNAPSE_COMPUTE_GFLOPS=6000 SYNAPSE_MEMORY_GBYTES=0000 SYNAPSE_STORAGE_GBYTES=0000 python /N/u/merzky/synapse/test.py
+ env SYNAPSE_ID=WS.C.45 SYNAPSE_INSTANCES=45 SYNAPSE_COMPUTE_GFLOPS=6000 SYNAPSE_MEMORY_GBYTES=0000 SYNAPSE_STORAGE_GBYTES=0000 python /N/u/merzky/synapse/test.py
+ env SYNAPSE_ID=WS.C.46 SYNAPSE_INSTANCES=46 SYNAPSE_COMPUTE_GFLOPS=6000 SYNAPSE_MEMORY_GBYTES=0000 SYNAPSE_STORAGE_GBYTES=0000 python /N/u/merzky/synapse/test.py
+ env SYNAPSE_ID=WS.C.47 SYNAPSE_INSTANCES=47 SYNAPSE_COMPUTE_GFLOPS=6000 SYNAPSE_MEMORY_GBYTES=0000 SYNAPSE_STORAGE_GBYTES=0000 python /N/u/merzky/synapse/test.py
+ env SYNAPSE_ID=WS.C.48 SYNAPSE_INSTANCES=48 SYNAPSE_COMPUTE_GFLOPS=6000 SYNAPSE_MEMORY_GBYTES=0000 SYNAPSE_STORAGE_GBYTES=0000 python /N/u/merzky/synapse/test.py
+ env SYNAPSE_ID=WS.C.49 SYNAPSE_INSTANCES=49 SYNAPSE_COMPUTE_GFLOPS=6000 SYNAPSE_MEMORY_GBYTES=0000 SYNAPSE_STORAGE_GBYTES=0000 python /N/u/merzky/synapse/test.py
+ env SYNAPSE_ID=WS.C.50 SYNAPSE_INSTANCES=50 SYNAPSE_COMPUTE_GFLOPS=6000 SYNAPSE_MEMORY_GBYTES=0000 SYNAPSE_STORAGE_GBYTES=0000 python /N/u/merzky/synapse/test.py
+ env SYNAPSE_ID=WS.C.51 SYNAPSE_INSTANCES=51 SYNAPSE_COMPUTE_GFLOPS=6000 SYNAPSE_MEMORY_GBYTES=0000 SYNAPSE_STORAGE_GBYTES=0000 python /N/u/merzky/synapse/test.py
+ env SYNAPSE_ID=WS.C.52 SYNAPSE_INSTANCES=52 SYNAPSE_COMPUTE_GFLOPS=6000 SYNAPSE_MEMORY_GBYTES=0000 SYNAPSE_STORAGE_GBYTES=0000 python /N/u/merzky/synapse/test.py
+ env SYNAPSE_ID=WS.C.53 SYNAPSE_INSTANCES=53 SYNAPSE_COMPUTE_GFLOPS=6000 SYNAPSE_MEMORY_GBYTES=0000 SYNAPSE_STORAGE_GBYTES=0000 python /N/u/merzky/synapse/test.py
+ env SYNAPSE_ID=WS.C.54 SYNAPSE_INSTANCES=54 SYNAPSE_COMPUTE_GFLOPS=6000 SYNAPSE_MEMORY_GBYTES=0000 SYNAPSE_STORAGE_GBYTES=0000 python /N/u/merzky/synapse/test.py
+ env SYNAPSE_ID=WS.C.55 SYNAPSE_INSTANCES=55 SYNAPSE_COMPUTE_GFLOPS=6000 SYNAPSE_MEMORY_GBYTES=0000 SYNAPSE_STORAGE_GBYTES=0000 python /N/u/merzky/synapse/test.py
+ env SYNAPSE_ID=WS.C.56 SYNAPSE_INSTANCES=56 SYNAPSE_COMPUTE_GFLOPS=6000 SYNAPSE_MEMORY_GBYTES=0000 SYNAPSE_STORAGE_GBYTES=0000 python /N/u/merzky/synapse/test.py
+ env SYNAPSE_ID=WS.C.57 SYNAPSE_INSTANCES=57 SYNAPSE_COMPUTE_GFLOPS=6000 SYNAPSE_MEMORY_GBYTES=0000 SYNAPSE_STORAGE_GBYTES=0000 python /N/u/merzky/synapse/test.py
+ env SYNAPSE_ID=WS.C.58 SYNAPSE_INSTANCES=58 SYNAPSE_COMPUTE_GFLOPS=6000 SYNAPSE_MEMORY_GBYTES=0000 SYNAPSE_STORAGE_GBYTES=0000 python /N/u/merzky/synapse/test.py
+ env SYNAPSE_ID=WS.C.59 SYNAPSE_INSTANCES=59 SYNAPSE_COMPUTE_GFLOPS=6000 SYNAPSE_MEMORY_GBYTES=0000 SYNAPSE_STORAGE_GBYTES=0000 python /N/u/merzky/synapse/test.py
+ env SYNAPSE_ID=WS.C.60 SYNAPSE_INSTANCES=60 SYNAPSE_COMPUTE_GFLOPS=6000 SYNAPSE_MEMORY_GBYTES=0000 SYNAPSE_STORAGE_GBYTES=0000 python /N/u/merzky/synapse/test.py
+ env SYNAPSE_ID=WS.C.61 SYNAPSE_INSTANCES=61 SYNAPSE_COMPUTE_GFLOPS=6000 SYNAPSE_MEMORY_GBYTES=0000 SYNAPSE_STORAGE_GBYTES=0000 python /N/u/merzky/synapse/test.py
+ env SYNAPSE_ID=WS.C.62 SYNAPSE_INSTANCES=62 SYNAPSE_COMPUTE_GFLOPS=6000 SYNAPSE_MEMORY_GBYTES=0000 SYNAPSE_STORAGE_GBYTES=0000 python /N/u/merzky/synapse/test.py
+ env SYNAPSE_ID=WS.C.63 SYNAPSE_INSTANCES=63 SYNAPSE_COMPUTE_GFLOPS=6000 SYNAPSE_MEMORY_GBYTES=0000 SYNAPSE_STORAGE_GBYTES=0000 python /N/u/merzky/synapse/test.py
+ env SYNAPSE_ID=WS.C.64 SYNAPSE_INSTANCES=64 SYNAPSE_COMPUTE_GFLOPS=6000 SYNAPSE_MEMORY_GBYTES=0000 SYNAPSE_STORAGE_GBYTES=0000 python /N/u/merzky/synapse/test.py
+ env SYNAPSE_ID=WS.M.01 SYNAPSE_INSTANCES=01 SYNAPSE_COMPUTE_GFLOPS=0000 SYNAPSE_MEMORY_GBYTES=0256 SYNAPSE_STORAGE_GBYTES=0000 python /N/u/merzky/synapse/test.py
+ env SYNAPSE_ID=WS.M.02 SYNAPSE_INSTANCES=02 SYNAPSE_COMPUTE_GFLOPS=0000 SYNAPSE_MEMORY_GBYTES=0256 SYNAPSE_STORAGE_GBYTES=0000 python /N/u/merzky/synapse/test.py
+ env SYNAPSE_ID=WS.M.03 SYNAPSE_INSTANCES=03 SYNAPSE_COMPUTE_GFLOPS=0000 SYNAPSE_MEMORY_GBYTES=0256 SYNAPSE_STORAGE_GBYTES=0000 python /N/u/merzky/synapse/test.py
+ env SYNAPSE_ID=WS.M.04 SYNAPSE_INSTANCES=04 SYNAPSE_COMPUTE_GFLOPS=0000 SYNAPSE_MEMORY_GBYTES=0256 SYNAPSE_STORAGE_GBYTES=0000 python /N/u/merzky/synapse/test.py
+ env SYNAPSE_ID=WS.M.05 SYNAPSE_INSTANCES=05 SYNAPSE_COMPUTE_GFLOPS=0000 SYNAPSE_MEMORY_GBYTES=0256 SYNAPSE_STORAGE_GBYTES=0000 python /N/u/merzky/synapse/test.py
+ env SYNAPSE_ID=WS.M.06 SYNAPSE_INSTANCES=06 SYNAPSE_COMPUTE_GFLOPS=0000 SYNAPSE_MEMORY_GBYTES=0256 SYNAPSE_STORAGE_GBYTES=0000 python /N/u/merzky/synapse/test.py
+ env SYNAPSE_ID=WS.M.07 SYNAPSE_INSTANCES=07 SYNAPSE_COMPUTE_GFLOPS=0000 SYNAPSE_MEMORY_GBYTES=0256 SYNAPSE_STORAGE_GBYTES=0000 python /N/u/merzky/synapse/test.py
+ env SYNAPSE_ID=WS.M.08 SYNAPSE_INSTANCES=08 SYNAPSE_COMPUTE_GFLOPS=0000 SYNAPSE_MEMORY_GBYTES=0256 SYNAPSE_STORAGE_GBYTES=0000 python /N/u/merzky/synapse/test.py
+ env SYNAPSE_ID=WS.M.09 SYNAPSE_INSTANCES=09 SYNAPSE_COMPUTE_GFLOPS=0000 SYNAPSE_MEMORY_GBYTES=0256 SYNAPSE_STORAGE_GBYTES=0000 python /N/u/merzky/synapse/test.py
+ env SYNAPSE_ID=WS.M.10 SYNAPSE_INSTANCES=10 SYNAPSE_COMPUTE_GFLOPS=0000 SYNAPSE_MEMORY_GBYTES=0256 SYNAPSE_STORAGE_GBYTES=0000 python /N/u/merzky/synapse/test.py
+ env SYNAPSE_ID=WS.M.11 SYNAPSE_INSTANCES=11 SYNAPSE_COMPUTE_GFLOPS=0000 SYNAPSE_MEMORY_GBYTES=0256 SYNAPSE_STORAGE_GBYTES=0000 python /N/u/merzky/synapse/test.py
+ env SYNAPSE_ID=WS.M.12 SYNAPSE_INSTANCES=12 SYNAPSE_COMPUTE_GFLOPS=0000 SYNAPSE_MEMORY_GBYTES=0256 SYNAPSE_STORAGE_GBYTES=0000 python /N/u/merzky/synapse/test.py
+ env SYNAPSE_ID=WS.M.13 SYNAPSE_INSTANCES=13 SYNAPSE_COMPUTE_GFLOPS=0000 SYNAPSE_MEMORY_GBYTES=0256 SYNAPSE_STORAGE_GBYTES=0000 python /N/u/merzky/synapse/test.py
+ env SYNAPSE_ID=WS.M.14 SYNAPSE_INSTANCES=14 SYNAPSE_COMPUTE_GFLOPS=0000 SYNAPSE_MEMORY_GBYTES=0256 SYNAPSE_STORAGE_GBYTES=0000 python /N/u/merzky/synapse/test.py
+ env SYNAPSE_ID=WS.M.15 SYNAPSE_INSTANCES=15 SYNAPSE_COMPUTE_GFLOPS=0000 SYNAPSE_MEMORY_GBYTES=0256 SYNAPSE_STORAGE_GBYTES=0000 python /N/u/merzky/synapse/test.py
+ env SYNAPSE_ID=WS.M.16 SYNAPSE_INSTANCES=16 SYNAPSE_COMPUTE_GFLOPS=0000 SYNAPSE_MEMORY_GBYTES=0256 SYNAPSE_STORAGE_GBYTES=0000 python /N/u/merzky/synapse/test.py
+ env SYNAPSE_ID=WS.M.17 SYNAPSE_INSTANCES=17 SYNAPSE_COMPUTE_GFLOPS=0000 SYNAPSE_MEMORY_GBYTES=0256 SYNAPSE_STORAGE_GBYTES=0000 python /N/u/merzky/synapse/test.py
+ env SYNAPSE_ID=WS.M.18 SYNAPSE_INSTANCES=18 SYNAPSE_COMPUTE_GFLOPS=0000 SYNAPSE_MEMORY_GBYTES=0256 SYNAPSE_STORAGE_GBYTES=0000 python /N/u/merzky/synapse/test.py
+ env SYNAPSE_ID=WS.M.19 SYNAPSE_INSTANCES=19 SYNAPSE_COMPUTE_GFLOPS=0000 SYNAPSE_MEMORY_GBYTES=0256 SYNAPSE_STORAGE_GBYTES=0000 python /N/u/merzky/synapse/test.py
+ env SYNAPSE_ID=WS.M.20 SYNAPSE_INSTANCES=20 SYNAPSE_COMPUTE_GFLOPS=0000 SYNAPSE_MEMORY_GBYTES=0256 SYNAPSE_STORAGE_GBYTES=0000 python /N/u/merzky/synapse/test.py
+ env SYNAPSE_ID=WS.M.21 SYNAPSE_INSTANCES=21 SYNAPSE_COMPUTE_GFLOPS=0000 SYNAPSE_MEMORY_GBYTES=0256 SYNAPSE_STORAGE_GBYTES=0000 python /N/u/merzky/synapse/test.py
+ env SYNAPSE_ID=WS.M.22 SYNAPSE_INSTANCES=22 SYNAPSE_COMPUTE_GFLOPS=0000 SYNAPSE_MEMORY_GBYTES=0256 SYNAPSE_STORAGE_GBYTES=0000 python /N/u/merzky/synapse/test.py
+ env SYNAPSE_ID=WS.M.23 SYNAPSE_INSTANCES=23 SYNAPSE_COMPUTE_GFLOPS=0000 SYNAPSE_MEMORY_GBYTES=0256 SYNAPSE_STORAGE_GBYTES=0000 python /N/u/merzky/synapse/test.py
+ env SYNAPSE_ID=WS.M.24 SYNAPSE_INSTANCES=24 SYNAPSE_COMPUTE_GFLOPS=0000 SYNAPSE_MEMORY_GBYTES=0256 SYNAPSE_STORAGE_GBYTES=0000 python /N/u/merzky/synapse/test.py
+ env SYNAPSE_ID=WS.M.25 SYNAPSE_INSTANCES=25 SYNAPSE_COMPUTE_GFLOPS=0000 SYNAPSE_MEMORY_GBYTES=0256 SYNAPSE_STORAGE_GBYTES=0000 python /N/u/merzky/synapse/test.py
+ env SYNAPSE_ID=WS.M.26 SYNAPSE_INSTANCES=26 SYNAPSE_COMPUTE_GFLOPS=0000 SYNAPSE_MEMORY_GBYTES=0256 SYNAPSE_STORAGE_GBYTES=0000 python /N/u/merzky/synapse/test.py
+ env SYNAPSE_ID=WS.M.27 SYNAPSE_INSTANCES=27 SYNAPSE_COMPUTE_GFLOPS=0000 SYNAPSE_MEMORY_GBYTES=0256 SYNAPSE_STORAGE_GBYTES=0000 python /N/u/merzky/synapse/test.py
+ env SYNAPSE_ID=WS.M.28 SYNAPSE_INSTANCES=28 SYNAPSE_COMPUTE_GFLOPS=0000 SYNAPSE_MEMORY_GBYTES=0256 SYNAPSE_STORAGE_GBYTES=0000 python /N/u/merzky/synapse/test.py
+ env SYNAPSE_ID=WS.M.29 SYNAPSE_INSTANCES=29 SYNAPSE_COMPUTE_GFLOPS=0000 SYNAPSE_MEMORY_GBYTES=0256 SYNAPSE_STORAGE_GBYTES=0000 python /N/u/merzky/synapse/test.py
+ env SYNAPSE_ID=WS.M.30 SYNAPSE_INSTANCES=30 SYNAPSE_COMPUTE_GFLOPS=0000 SYNAPSE_MEMORY_GBYTES=0256 SYNAPSE_STORAGE_GBYTES=0000 python /N/u/merzky/synapse/test.py
+ env SYNAPSE_ID=WS.M.31 SYNAPSE_INSTANCES=31 SYNAPSE_COMPUTE_GFLOPS=0000 SYNAPSE_MEMORY_GBYTES=0256 SYNAPSE_STORAGE_GBYTES=0000 python /N/u/merzky/synapse/test.py
+ env SYNAPSE_ID=WS.M.32 SYNAPSE_INSTANCES=32 SYNAPSE_COMPUTE_GFLOPS=0000 SYNAPSE_MEMORY_GBYTES=0256 SYNAPSE_STORAGE_GBYTES=0000 python /N/u/merzky/synapse/test.py
+ env SYNAPSE_ID=WS.M.33 SYNAPSE_INSTANCES=33 SYNAPSE_COMPUTE_GFLOPS=0000 SYNAPSE_MEMORY_GBYTES=0256 SYNAPSE_STORAGE_GBYTES=0000 python /N/u/merzky/synapse/test.py
+ env SYNAPSE_ID=WS.M.34 SYNAPSE_INSTANCES=34 SYNAPSE_COMPUTE_GFLOPS=0000 SYNAPSE_MEMORY_GBYTES=0256 SYNAPSE_STORAGE_GBYTES=0000 python /N/u/merzky/synapse/test.py
+ env SYNAPSE_ID=WS.M.35 SYNAPSE_INSTANCES=35 SYNAPSE_COMPUTE_GFLOPS=0000 SYNAPSE_MEMORY_GBYTES=0256 SYNAPSE_STORAGE_GBYTES=0000 python /N/u/merzky/synapse/test.py
+ env SYNAPSE_ID=WS.M.36 SYNAPSE_INSTANCES=36 SYNAPSE_COMPUTE_GFLOPS=0000 SYNAPSE_MEMORY_GBYTES=0256 SYNAPSE_STORAGE_GBYTES=0000 python /N/u/merzky/synapse/test.py
+ env SYNAPSE_ID=WS.M.37 SYNAPSE_INSTANCES=37 SYNAPSE_COMPUTE_GFLOPS=0000 SYNAPSE_MEMORY_GBYTES=0256 SYNAPSE_STORAGE_GBYTES=0000 python /N/u/merzky/synapse/test.py
+ env SYNAPSE_ID=WS.M.38 SYNAPSE_INSTANCES=38 SYNAPSE_COMPUTE_GFLOPS=0000 SYNAPSE_MEMORY_GBYTES=0256 SYNAPSE_STORAGE_GBYTES=0000 python /N/u/merzky/synapse/test.py
+ env SYNAPSE_ID=WS.M.39 SYNAPSE_INSTANCES=39 SYNAPSE_COMPUTE_GFLOPS=0000 SYNAPSE_MEMORY_GBYTES=0256 SYNAPSE_STORAGE_GBYTES=0000 python /N/u/merzky/synapse/test.py
+ env SYNAPSE_ID=WS.M.40 SYNAPSE_INSTANCES=40 SYNAPSE_COMPUTE_GFLOPS=0000 SYNAPSE_MEMORY_GBYTES=0256 SYNAPSE_STORAGE_GBYTES=0000 python /N/u/merzky/synapse/test.py
+ env SYNAPSE_ID=WS.M.41 SYNAPSE_INSTANCES=41 SYNAPSE_COMPUTE_GFLOPS=0000 SYNAPSE_MEMORY_GBYTES=0256 SYNAPSE_STORAGE_GBYTES=0000 python /N/u/merzky/synapse/test.py
+ env SYNAPSE_ID=WS.M.42 SYNAPSE_INSTANCES=42 SYNAPSE_COMPUTE_GFLOPS=0000 SYNAPSE_MEMORY_GBYTES=0256 SYNAPSE_STORAGE_GBYTES=0000 python /N/u/merzky/synapse/test.py
+ env SYNAPSE_ID=WS.M.43 SYNAPSE_INSTANCES=43 SYNAPSE_COMPUTE_GFLOPS=0000 SYNAPSE_MEMORY_GBYTES=0256 SYNAPSE_STORAGE_GBYTES=0000 python /N/u/merzky/synapse/test.py
+ env SYNAPSE_ID=WS.M.44 SYNAPSE_INSTANCES=44 SYNAPSE_COMPUTE_GFLOPS=0000 SYNAPSE_MEMORY_GBYTES=0256 SYNAPSE_STORAGE_GBYTES=0000 python /N/u/merzky/synapse/test.py
+ env SYNAPSE_ID=WS.M.45 SYNAPSE_INSTANCES=45 SYNAPSE_COMPUTE_GFLOPS=0000 SYNAPSE_MEMORY_GBYTES=0256 SYNAPSE_STORAGE_GBYTES=0000 python /N/u/merzky/synapse/test.py
+ env SYNAPSE_ID=WS.M.46 SYNAPSE_INSTANCES=46 SYNAPSE_COMPUTE_GFLOPS=0000 SYNAPSE_MEMORY_GBYTES=0256 SYNAPSE_STORAGE_GBYTES=0000 python /N/u/merzky/synapse/test.py
+ env SYNAPSE_ID=WS.M.47 SYNAPSE_INSTANCES=47 SYNAPSE_COMPUTE_GFLOPS=0000 SYNAPSE_MEMORY_GBYTES=0256 SYNAPSE_STORAGE_GBYTES=0000 python /N/u/merzky/synapse/test.py
+ env SYNAPSE_ID=WS.M.48 SYNAPSE_INSTANCES=48 SYNAPSE_COMPUTE_GFLOPS=0000 SYNAPSE_MEMORY_GBYTES=0256 SYNAPSE_STORAGE_GBYTES=0000 python /N/u/merzky/synapse/test.py
+ env SYNAPSE_ID=WS.M.49 SYNAPSE_INSTANCES=49 SYNAPSE_COMPUTE_GFLOPS=0000 SYNAPSE_MEMORY_GBYTES=0256 SYNAPSE_STORAGE_GBYTES=0000 python /N/u/merzky/synapse/test.py
+ env SYNAPSE_ID=WS.M.50 SYNAPSE_INSTANCES=50 SYNAPSE_COMPUTE_GFLOPS=0000 SYNAPSE_MEMORY_GBYTES=0256 SYNAPSE_STORAGE_GBYTES=0000 python /N/u/merzky/synapse/test.py
+ env SYNAPSE_ID=WS.M.51 SYNAPSE_INSTANCES=51 SYNAPSE_COMPUTE_GFLOPS=0000 SYNAPSE_MEMORY_GBYTES=0256 SYNAPSE_STORAGE_GBYTES=0000 python /N/u/merzky/synapse/test.py
+ env SYNAPSE_ID=WS.M.52 SYNAPSE_INSTANCES=52 SYNAPSE_COMPUTE_GFLOPS=0000 SYNAPSE_MEMORY_GBYTES=0256 SYNAPSE_STORAGE_GBYTES=0000 python /N/u/merzky/synapse/test.py
+ env SYNAPSE_ID=WS.M.53 SYNAPSE_INSTANCES=53 SYNAPSE_COMPUTE_GFLOPS=0000 SYNAPSE_MEMORY_GBYTES=0256 SYNAPSE_STORAGE_GBYTES=0000 python /N/u/merzky/synapse/test.py
+ env SYNAPSE_ID=WS.M.54 SYNAPSE_INSTANCES=54 SYNAPSE_COMPUTE_GFLOPS=0000 SYNAPSE_MEMORY_GBYTES=0256 SYNAPSE_STORAGE_GBYTES=0000 python /N/u/merzky/synapse/test.py
+ env SYNAPSE_ID=WS.M.55 SYNAPSE_INSTANCES=55 SYNAPSE_COMPUTE_GFLOPS=0000 SYNAPSE_MEMORY_GBYTES=0256 SYNAPSE_STORAGE_GBYTES=0000 python /N/u/merzky/synapse/test.py
+ env SYNAPSE_ID=WS.M.56 SYNAPSE_INSTANCES=56 SYNAPSE_COMPUTE_GFLOPS=0000 SYNAPSE_MEMORY_GBYTES=0256 SYNAPSE_STORAGE_GBYTES=0000 python /N/u/merzky/synapse/test.py
+ env SYNAPSE_ID=WS.M.57 SYNAPSE_INSTANCES=57 SYNAPSE_COMPUTE_GFLOPS=0000 SYNAPSE_MEMORY_GBYTES=0256 SYNAPSE_STORAGE_GBYTES=0000 python /N/u/merzky/synapse/test.py
+ env SYNAPSE_ID=WS.M.58 SYNAPSE_INSTANCES=58 SYNAPSE_COMPUTE_GFLOPS=0000 SYNAPSE_MEMORY_GBYTES=0256 SYNAPSE_STORAGE_GBYTES=0000 python /N/u/merzky/synapse/test.py
+ env SYNAPSE_ID=WS.M.59 SYNAPSE_INSTANCES=59 SYNAPSE_COMPUTE_GFLOPS=0000 SYNAPSE_MEMORY_GBYTES=0256 SYNAPSE_STORAGE_GBYTES=0000 python /N/u/merzky/synapse/test.py
+ env SYNAPSE_ID=WS.M.60 SYNAPSE_INSTANCES=60 SYNAPSE_COMPUTE_GFLOPS=0000 SYNAPSE_MEMORY_GBYTES=0256 SYNAPSE_STORAGE_GBYTES=0000 python /N/u/merzky/synapse/test.py
+ env SYNAPSE_ID=WS.M.61 SYNAPSE_INSTANCES=61 SYNAPSE_COMPUTE_GFLOPS=0000 SYNAPSE_MEMORY_GBYTES=0256 SYNAPSE_STORAGE_GBYTES=0000 python /N/u/merzky/synapse/test.py
+ env SYNAPSE_ID=WS.M.62 SYNAPSE_INSTANCES=62 SYNAPSE_COMPUTE_GFLOPS=0000 SYNAPSE_MEMORY_GBYTES=0256 SYNAPSE_STORAGE_GBYTES=0000 python /N/u/merzky/synapse/test.py
+ env SYNAPSE_ID=WS.M.63 SYNAPSE_INSTANCES=63 SYNAPSE_COMPUTE_GFLOPS=0000 SYNAPSE_MEMORY_GBYTES=0256 SYNAPSE_STORAGE_GBYTES=0000 python /N/u/merzky/synapse/test.py
+ env SYNAPSE_ID=WS.M.64 SYNAPSE_INSTANCES=64 SYNAPSE_COMPUTE_GFLOPS=0000 SYNAPSE_MEMORY_GBYTES=0256 SYNAPSE_STORAGE_GBYTES=0000 python /N/u/merzky/synapse/test.py
+ env SYNAPSE_ID=WS.S.01 SYNAPSE_INSTANCES=01 SYNAPSE_COMPUTE_GFLOPS=0000 SYNAPSE_MEMORY_GBYTES=0000 SYNAPSE_STORAGE_GBYTES=1000 python /N/u/merzky/synapse/test.py
+ env SYNAPSE_ID=WS.S.02 SYNAPSE_INSTANCES=02 SYNAPSE_COMPUTE_GFLOPS=0000 SYNAPSE_MEMORY_GBYTES=0000 SYNAPSE_STORAGE_GBYTES=1000 python /N/u/merzky/synapse/test.py
+ env SYNAPSE_ID=WS.S.03 SYNAPSE_INSTANCES=03 SYNAPSE_COMPUTE_GFLOPS=0000 SYNAPSE_MEMORY_GBYTES=0000 SYNAPSE_STORAGE_GBYTES=1000 python /N/u/merzky/synapse/test.py
+ env SYNAPSE_ID=WS.S.04 SYNAPSE_INSTANCES=04 SYNAPSE_COMPUTE_GFLOPS=0000 SYNAPSE_MEMORY_GBYTES=0000 SYNAPSE_STORAGE_GBYTES=1000 python /N/u/merzky/synapse/test.py
+ env SYNAPSE_ID=WS.S.05 SYNAPSE_INSTANCES=05 SYNAPSE_COMPUTE_GFLOPS=0000 SYNAPSE_MEMORY_GBYTES=0000 SYNAPSE_STORAGE_GBYTES=1000 python /N/u/merzky/synapse/test.py
+ env SYNAPSE_ID=WS.S.06 SYNAPSE_INSTANCES=06 SYNAPSE_COMPUTE_GFLOPS=0000 SYNAPSE_MEMORY_GBYTES=0000 SYNAPSE_STORAGE_GBYTES=1000 python /N/u/merzky/synapse/test.py
+ env SYNAPSE_ID=WS.S.07 SYNAPSE_INSTANCES=07 SYNAPSE_COMPUTE_GFLOPS=0000 SYNAPSE_MEMORY_GBYTES=0000 SYNAPSE_STORAGE_GBYTES=1000 python /N/u/merzky/synapse/test.py
+ env SYNAPSE_ID=WS.S.08 SYNAPSE_INSTANCES=08 SYNAPSE_COMPUTE_GFLOPS=0000 SYNAPSE_MEMORY_GBYTES=0000 SYNAPSE_STORAGE_GBYTES=1000 python /N/u/merzky/synapse/test.py
+ env SYNAPSE_ID=WS.S.09 SYNAPSE_INSTANCES=09 SYNAPSE_COMPUTE_GFLOPS=0000 SYNAPSE_MEMORY_GBYTES=0000 SYNAPSE_STORAGE_GBYTES=1000 python /N/u/merzky/synapse/test.py
+ env SYNAPSE_ID=WS.S.10 SYNAPSE_INSTANCES=10 SYNAPSE_COMPUTE_GFLOPS=0000 SYNAPSE_MEMORY_GBYTES=0000 SYNAPSE_STORAGE_GBYTES=1000 python /N/u/merzky/synapse/test.py
+ env SYNAPSE_ID=WS.S.11 SYNAPSE_INSTANCES=11 SYNAPSE_COMPUTE_GFLOPS=0000 SYNAPSE_MEMORY_GBYTES=0000 SYNAPSE_STORAGE_GBYTES=1000 python /N/u/merzky/synapse/test.py
+ env SYNAPSE_ID=WS.S.12 SYNAPSE_INSTANCES=12 SYNAPSE_COMPUTE_GFLOPS=0000 SYNAPSE_MEMORY_GBYTES=0000 SYNAPSE_STORAGE_GBYTES=1000 python /N/u/merzky/synapse/test.py
+ env SYNAPSE_ID=WS.S.13 SYNAPSE_INSTANCES=13 SYNAPSE_COMPUTE_GFLOPS=0000 SYNAPSE_MEMORY_GBYTES=0000 SYNAPSE_STORAGE_GBYTES=1000 python /N/u/merzky/synapse/test.py
+ env SYNAPSE_ID=WS.S.14 SYNAPSE_INSTANCES=14 SYNAPSE_COMPUTE_GFLOPS=0000 SYNAPSE_MEMORY_GBYTES=0000 SYNAPSE_STORAGE_GBYTES=1000 python /N/u/merzky/synapse/test.py
+ env SYNAPSE_ID=WS.S.15 SYNAPSE_INSTANCES=15 SYNAPSE_COMPUTE_GFLOPS=0000 SYNAPSE_MEMORY_GBYTES=0000 SYNAPSE_STORAGE_GBYTES=1000 python /N/u/merzky/synapse/test.py
+ env SYNAPSE_ID=WS.S.16 SYNAPSE_INSTANCES=16 SYNAPSE_COMPUTE_GFLOPS=0000 SYNAPSE_MEMORY_GBYTES=0000 SYNAPSE_STORAGE_GBYTES=1000 python /N/u/merzky/synapse/test.py
+ env SYNAPSE_ID=WS.S.17 SYNAPSE_INSTANCES=17 SYNAPSE_COMPUTE_GFLOPS=0000 SYNAPSE_MEMORY_GBYTES=0000 SYNAPSE_STORAGE_GBYTES=1000 python /N/u/merzky/synapse/test.py
+ env SYNAPSE_ID=WS.S.18 SYNAPSE_INSTANCES=18 SYNAPSE_COMPUTE_GFLOPS=0000 SYNAPSE_MEMORY_GBYTES=0000 SYNAPSE_STORAGE_GBYTES=1000 python /N/u/merzky/synapse/test.py
+ env SYNAPSE_ID=WS.S.19 SYNAPSE_INSTANCES=19 SYNAPSE_COMPUTE_GFLOPS=0000 SYNAPSE_MEMORY_GBYTES=0000 SYNAPSE_STORAGE_GBYTES=1000 python /N/u/merzky/synapse/test.py
+ env SYNAPSE_ID=WS.S.20 SYNAPSE_INSTANCES=20 SYNAPSE_COMPUTE_GFLOPS=0000 SYNAPSE_MEMORY_GBYTES=0000 SYNAPSE_STORAGE_GBYTES=1000 python /N/u/merzky/synapse/test.py
+ env SYNAPSE_ID=WS.S.21 SYNAPSE_INSTANCES=21 SYNAPSE_COMPUTE_GFLOPS=0000 SYNAPSE_MEMORY_GBYTES=0000 SYNAPSE_STORAGE_GBYTES=1000 python /N/u/merzky/synapse/test.py
+ env SYNAPSE_ID=WS.S.22 SYNAPSE_INSTANCES=22 SYNAPSE_COMPUTE_GFLOPS=0000 SYNAPSE_MEMORY_GBYTES=0000 SYNAPSE_STORAGE_GBYTES=1000 python /N/u/merzky/synapse/test.py
+ env SYNAPSE_ID=WS.S.23 SYNAPSE_INSTANCES=23 SYNAPSE_COMPUTE_GFLOPS=0000 SYNAPSE_MEMORY_GBYTES=0000 SYNAPSE_STORAGE_GBYTES=1000 python /N/u/merzky/synapse/test.py
+ env SYNAPSE_ID=WS.S.24 SYNAPSE_INSTANCES=24 SYNAPSE_COMPUTE_GFLOPS=0000 SYNAPSE_MEMORY_GBYTES=0000 SYNAPSE_STORAGE_GBYTES=1000 python /N/u/merzky/synapse/test.py
+ env SYNAPSE_ID=WS.S.25 SYNAPSE_INSTANCES=25 SYNAPSE_COMPUTE_GFLOPS=0000 SYNAPSE_MEMORY_GBYTES=0000 SYNAPSE_STORAGE_GBYTES=1000 python /N/u/merzky/synapse/test.py
+ env SYNAPSE_ID=WS.S.26 SYNAPSE_INSTANCES=26 SYNAPSE_COMPUTE_GFLOPS=0000 SYNAPSE_MEMORY_GBYTES=0000 SYNAPSE_STORAGE_GBYTES=1000 python /N/u/merzky/synapse/test.py
+ env SYNAPSE_ID=WS.S.27 SYNAPSE_INSTANCES=27 SYNAPSE_COMPUTE_GFLOPS=0000 SYNAPSE_MEMORY_GBYTES=0000 SYNAPSE_STORAGE_GBYTES=1000 python /N/u/merzky/synapse/test.py
+ env SYNAPSE_ID=WS.S.28 SYNAPSE_INSTANCES=28 SYNAPSE_COMPUTE_GFLOPS=0000 SYNAPSE_MEMORY_GBYTES=0000 SYNAPSE_STORAGE_GBYTES=1000 python /N/u/merzky/synapse/test.py
+ env SYNAPSE_ID=WS.S.29 SYNAPSE_INSTANCES=29 SYNAPSE_COMPUTE_GFLOPS=0000 SYNAPSE_MEMORY_GBYTES=0000 SYNAPSE_STORAGE_GBYTES=1000 python /N/u/merzky/synapse/test.py
+ env SYNAPSE_ID=WS.S.30 SYNAPSE_INSTANCES=30 SYNAPSE_COMPUTE_GFLOPS=0000 SYNAPSE_MEMORY_GBYTES=0000 SYNAPSE_STORAGE_GBYTES=1000 python /N/u/merzky/synapse/test.py
+ env SYNAPSE_ID=WS.S.31 SYNAPSE_INSTANCES=31 SYNAPSE_COMPUTE_GFLOPS=0000 SYNAPSE_MEMORY_GBYTES=0000 SYNAPSE_STORAGE_GBYTES=1000 python /N/u/merzky/synapse/test.py
+ env SYNAPSE_ID=WS.S.32 SYNAPSE_INSTANCES=32 SYNAPSE_COMPUTE_GFLOPS=0000 SYNAPSE_MEMORY_GBYTES=0000 SYNAPSE_STORAGE_GBYTES=1000 python /N/u/merzky/synapse/test.py
+ env SYNAPSE_ID=WS.S.33 SYNAPSE_INSTANCES=33 SYNAPSE_COMPUTE_GFLOPS=0000 SYNAPSE_MEMORY_GBYTES=0000 SYNAPSE_STORAGE_GBYTES=1000 python /N/u/merzky/synapse/test.py
+ env SYNAPSE_ID=WS.S.34 SYNAPSE_INSTANCES=34 SYNAPSE_COMPUTE_GFLOPS=0000 SYNAPSE_MEMORY_GBYTES=0000 SYNAPSE_STORAGE_GBYTES=1000 python /N/u/merzky/synapse/test.py
+ env SYNAPSE_ID=WS.S.35 SYNAPSE_INSTANCES=35 SYNAPSE_COMPUTE_GFLOPS=0000 SYNAPSE_MEMORY_GBYTES=0000 SYNAPSE_STORAGE_GBYTES=1000 python /N/u/merzky/synapse/test.py
+ env SYNAPSE_ID=WS.S.36 SYNAPSE_INSTANCES=36 SYNAPSE_COMPUTE_GFLOPS=0000 SYNAPSE_MEMORY_GBYTES=0000 SYNAPSE_STORAGE_GBYTES=1000 python /N/u/merzky/synapse/test.py
+ env SYNAPSE_ID=WS.S.37 SYNAPSE_INSTANCES=37 SYNAPSE_COMPUTE_GFLOPS=0000 SYNAPSE_MEMORY_GBYTES=0000 SYNAPSE_STORAGE_GBYTES=1000 python /N/u/merzky/synapse/test.py
+ env SYNAPSE_ID=WS.S.38 SYNAPSE_INSTANCES=38 SYNAPSE_COMPUTE_GFLOPS=0000 SYNAPSE_MEMORY_GBYTES=0000 SYNAPSE_STORAGE_GBYTES=1000 python /N/u/merzky/synapse/test.py
+ env SYNAPSE_ID=WS.S.39 SYNAPSE_INSTANCES=39 SYNAPSE_COMPUTE_GFLOPS=0000 SYNAPSE_MEMORY_GBYTES=0000 SYNAPSE_STORAGE_GBYTES=1000 python /N/u/merzky/synapse/test.py
+ env SYNAPSE_ID=WS.S.40 SYNAPSE_INSTANCES=40 SYNAPSE_COMPUTE_GFLOPS=0000 SYNAPSE_MEMORY_GBYTES=0000 SYNAPSE_STORAGE_GBYTES=1000 python /N/u/merzky/synapse/test.py
+ env SYNAPSE_ID=WS.S.41 SYNAPSE_INSTANCES=41 SYNAPSE_COMPUTE_GFLOPS=0000 SYNAPSE_MEMORY_GBYTES=0000 SYNAPSE_STORAGE_GBYTES=1000 python /N/u/merzky/synapse/test.py
+ env SYNAPSE_ID=WS.S.42 SYNAPSE_INSTANCES=42 SYNAPSE_COMPUTE_GFLOPS=0000 SYNAPSE_MEMORY_GBYTES=0000 SYNAPSE_STORAGE_GBYTES=1000 python /N/u/merzky/synapse/test.py
+ env SYNAPSE_ID=WS.S.43 SYNAPSE_INSTANCES=43 SYNAPSE_COMPUTE_GFLOPS=0000 SYNAPSE_MEMORY_GBYTES=0000 SYNAPSE_STORAGE_GBYTES=1000 python /N/u/merzky/synapse/test.py
+ env SYNAPSE_ID=WS.S.44 SYNAPSE_INSTANCES=44 SYNAPSE_COMPUTE_GFLOPS=0000 SYNAPSE_MEMORY_GBYTES=0000 SYNAPSE_STORAGE_GBYTES=1000 python /N/u/merzky/synapse/test.py
+ env SYNAPSE_ID=WS.S.45 SYNAPSE_INSTANCES=45 SYNAPSE_COMPUTE_GFLOPS=0000 SYNAPSE_MEMORY_GBYTES=0000 SYNAPSE_STORAGE_GBYTES=1000 python /N/u/merzky/synapse/test.py
+ env SYNAPSE_ID=WS.S.46 SYNAPSE_INSTANCES=46 SYNAPSE_COMPUTE_GFLOPS=0000 SYNAPSE_MEMORY_GBYTES=0000 SYNAPSE_STORAGE_GBYTES=1000 python /N/u/merzky/synapse/test.py
+ env SYNAPSE_ID=WS.S.47 SYNAPSE_INSTANCES=47 SYNAPSE_COMPUTE_GFLOPS=0000 SYNAPSE_MEMORY_GBYTES=0000 SYNAPSE_STORAGE_GBYTES=1000 python /N/u/merzky/synapse/test.py
+ env SYNAPSE_ID=WS.S.48 SYNAPSE_INSTANCES=48 SYNAPSE_COMPUTE_GFLOPS=0000 SYNAPSE_MEMORY_GBYTES=0000 SYNAPSE_STORAGE_GBYTES=1000 python /N/u/merzky/synapse/test.py
+ env SYNAPSE_ID=WS.S.49 SYNAPSE_INSTANCES=49 SYNAPSE_COMPUTE_GFLOPS=0000 SYNAPSE_MEMORY_GBYTES=0000 SYNAPSE_STORAGE_GBYTES=1000 python /N/u/merzky/synapse/test.py
+ env SYNAPSE_ID=WS.S.50 SYNAPSE_INSTANCES=50 SYNAPSE_COMPUTE_GFLOPS=0000 SYNAPSE_MEMORY_GBYTES=0000 SYNAPSE_STORAGE_GBYTES=1000 python /N/u/merzky/synapse/test.py
+ env SYNAPSE_ID=WS.S.51 SYNAPSE_INSTANCES=51 SYNAPSE_COMPUTE_GFLOPS=0000 SYNAPSE_MEMORY_GBYTES=0000 SYNAPSE_STORAGE_GBYTES=1000 python /N/u/merzky/synapse/test.py
